C:\USERS\DELL\DESKTOP\VLC_CONTROLLER\DEBUG\VLC_CONTROLLER.EXE
C:\USERS\DELL\DESKTOP\VLC_CONTROLLER\DEBUG\VLC_CONTROLLER.ILK
C:\USERS\DELL\DESKTOP\VLC_CONTROLLER\DEBUG\VLC_CONTROLLER.PDB
C:\USERS\DELL\DESKTOP\VLC_CONTROLLER\VLC_CONTROLLER\DEBUG\.NETFRAMEWORK,VERSION=V4.0.ASSEMBLYATTRIBUTES.OBJ
C:\USERS\DELL\DESKTOP\VLC_CONTROLLER\VLC_CONTROLLER\DEBUG\APP.RES
C:\USERS\DELL\DESKTOP\VLC_CONTROLLER\VLC_CONTROLLER\DEBUG\ASSEMBLYINFO.OBJ
C:\USERS\DELL\DESKTOP\VLC_CONTROLLER\VLC_CONTROLLER\DEBUG\HELP.OBJ
C:\USERS\DELL\DESKTOP\VLC_CONTROLLER\VLC_CONTROLLER\DEBUG\STDAFX.OBJ
C:\USERS\DELL\DESKTOP\VLC_CONTROLLER\VLC_CONTROLLER\DEBUG\TRAINING_FORM.OBJ
C:\USERS\DELL\DESKTOP\VLC_CONTROLLER\VLC_CONTROLLER\DEBUG\VC100.PDB
C:\USERS\DELL\DESKTOP\VLC_CONTROLLER\VLC_CONTROLLER\DEBUG\VLC_CONTROLLER.EXE.INTERMEDIATE.MANIFEST
C:\USERS\DELL\DESKTOP\VLC_CONTROLLER\VLC_CONTROLLER\DEBUG\VLC_CONTROLLER.OBJ
C:\USERS\DELL\DESKTOP\VLC_CONTROLLER\VLC_CONTROLLER\DEBUG\VLC_CONTROLLER.PCH
C:\USERS\VATSAL VASOYA\DESKTOP\VLC_CONTROLLER\DEBUG\VLC_CONTROLLER.EXE
C:\USERS\VATSAL VASOYA\DESKTOP\VLC_CONTROLLER\DEBUG\VLC_CONTROLLER.ILK
C:\USERS\VATSAL VASOYA\DESKTOP\VLC_CONTROLLER\DEBUG\VLC_CONTROLLER.PDB
C:\USERS\VATSAL VASOYA\DESKTOP\VLC_CONTROLLER\VLC_CONTROLLER\DEBUG\.NETFRAMEWORK,VERSION=V4.0.ASSEMBLYATTRIBUTES.OBJ
C:\USERS\VATSAL VASOYA\DESKTOP\VLC_CONTROLLER\VLC_CONTROLLER\DEBUG\APP.RES
C:\USERS\VATSAL VASOYA\DESKTOP\VLC_CONTROLLER\VLC_CONTROLLER\DEBUG\ASSEMBLYINFO.OBJ
C:\Users\Vatsal Vasoya\Desktop\vlc_controller\vlc_controller\Debug\cl.command.1.tlog
C:\Users\Vatsal Vasoya\Desktop\vlc_controller\vlc_controller\Debug\CL.read.1.tlog
C:\Users\Vatsal Vasoya\Desktop\vlc_controller\vlc_controller\Debug\CL.write.1.tlog
C:\USERS\VATSAL VASOYA\DESKTOP\VLC_CONTROLLER\VLC_CONTROLLER\DEBUG\HELP.OBJ
C:\Users\Vatsal Vasoya\Desktop\vlc_controller\vlc_controller\Debug\link.10012.read.1.tlog
C:\Users\Vatsal Vasoya\Desktop\vlc_controller\vlc_controller\Debug\link.10012.write.1.tlog
C:\Users\Vatsal Vasoya\Desktop\vlc_controller\vlc_controller\Debug\link.10012-cvtres.read.1.tlog
C:\Users\Vatsal Vasoya\Desktop\vlc_controller\vlc_controller\Debug\link.10012-cvtres.write.1.tlog
C:\Users\Vatsal Vasoya\Desktop\vlc_controller\vlc_controller\Debug\link.10668.read.1.tlog
C:\Users\Vatsal Vasoya\Desktop\vlc_controller\vlc_controller\Debug\link.10668.write.1.tlog
C:\Users\Vatsal Vasoya\Desktop\vlc_controller\vlc_controller\Debug\link.10668-cvtres.read.1.tlog
C:\Users\Vatsal Vasoya\Desktop\vlc_controller\vlc_controller\Debug\link.10668-cvtres.write.1.tlog
C:\Users\Vatsal Vasoya\Desktop\vlc_controller\vlc_controller\Debug\link.10676.read.1.tlog
C:\Users\Vatsal Vasoya\Desktop\vlc_controller\vlc_controller\Debug\link.10676.write.1.tlog
C:\Users\Vatsal Vasoya\Desktop\vlc_controller\vlc_controller\Debug\link.10676-cvtres.read.1.tlog
C:\Users\Vatsal Vasoya\Desktop\vlc_controller\vlc_controller\Debug\link.10676-cvtres.write.1.tlog
C:\Users\Vatsal Vasoya\Desktop\vlc_controller\vlc_controller\Debug\link.10700.read.1.tlog
C:\Users\Vatsal Vasoya\Desktop\vlc_controller\vlc_controller\Debug\link.10700.write.1.tlog
C:\Users\Vatsal Vasoya\Desktop\vlc_controller\vlc_controller\Debug\link.10700-cvtres.read.1.tlog
C:\Users\Vatsal Vasoya\Desktop\vlc_controller\vlc_controller\Debug\link.10700-cvtres.write.1.tlog
C:\Users\Vatsal Vasoya\Desktop\vlc_controller\vlc_controller\Debug\link.11076.read.1.tlog
C:\Users\Vatsal Vasoya\Desktop\vlc_controller\vlc_controller\Debug\link.11076.write.1.tlog
C:\Users\Vatsal Vasoya\Desktop\vlc_controller\vlc_controller\Debug\link.11076-cvtres.read.1.tlog
C:\Users\Vatsal Vasoya\Desktop\vlc_controller\vlc_controller\Debug\link.11076-cvtres.write.1.tlog
C:\Users\Vatsal Vasoya\Desktop\vlc_controller\vlc_controller\Debug\link.11260.read.1.tlog
C:\Users\Vatsal Vasoya\Desktop\vlc_controller\vlc_controller\Debug\link.11260.write.1.tlog
C:\Users\Vatsal Vasoya\Desktop\vlc_controller\vlc_controller\Debug\link.11260-cvtres.read.1.tlog
C:\Users\Vatsal Vasoya\Desktop\vlc_controller\vlc_controller\Debug\link.11260-cvtres.write.1.tlog
C:\Users\Vatsal Vasoya\Desktop\vlc_controller\vlc_controller\Debug\link.11312.read.1.tlog
C:\Users\Vatsal Vasoya\Desktop\vlc_controller\vlc_controller\Debug\link.11312.write.1.tlog
C:\Users\Vatsal Vasoya\Desktop\vlc_controller\vlc_controller\Debug\link.11312-cvtres.read.1.tlog
C:\Users\Vatsal Vasoya\Desktop\vlc_controller\vlc_controller\Debug\link.11312-cvtres.write.1.tlog
C:\Users\Vatsal Vasoya\Desktop\vlc_controller\vlc_controller\Debug\link.11852.read.1.tlog
C:\Users\Vatsal Vasoya\Desktop\vlc_controller\vlc_controller\Debug\link.11852.write.1.tlog
C:\Users\Vatsal Vasoya\Desktop\vlc_controller\vlc_controller\Debug\link.11852-cvtres.read.1.tlog
C:\Users\Vatsal Vasoya\Desktop\vlc_controller\vlc_controller\Debug\link.11852-cvtres.write.1.tlog
C:\Users\Vatsal Vasoya\Desktop\vlc_controller\vlc_controller\Debug\link.13668.read.1.tlog
C:\Users\Vatsal Vasoya\Desktop\vlc_controller\vlc_controller\Debug\link.13668.write.1.tlog
C:\Users\Vatsal Vasoya\Desktop\vlc_controller\vlc_controller\Debug\link.13668-cvtres.read.1.tlog
C:\Users\Vatsal Vasoya\Desktop\vlc_controller\vlc_controller\Debug\link.13668-cvtres.write.1.tlog
C:\Users\Vatsal Vasoya\Desktop\vlc_controller\vlc_controller\Debug\link.13728.read.1.tlog
C:\Users\Vatsal Vasoya\Desktop\vlc_controller\vlc_controller\Debug\link.13728.write.1.tlog
C:\Users\Vatsal Vasoya\Desktop\vlc_controller\vlc_controller\Debug\link.13728-cvtres.read.1.tlog
C:\Users\Vatsal Vasoya\Desktop\vlc_controller\vlc_controller\Debug\link.13728-cvtres.write.1.tlog
C:\Users\Vatsal Vasoya\Desktop\vlc_controller\vlc_controller\Debug\link.13812.read.1.tlog
C:\Users\Vatsal Vasoya\Desktop\vlc_controller\vlc_controller\Debug\link.13812.write.1.tlog
C:\Users\Vatsal Vasoya\Desktop\vlc_controller\vlc_controller\Debug\link.13812-cvtres.read.1.tlog
C:\Users\Vatsal Vasoya\Desktop\vlc_controller\vlc_controller\Debug\link.13812-cvtres.write.1.tlog
C:\Users\Vatsal Vasoya\Desktop\vlc_controller\vlc_controller\Debug\link.14480.read.1.tlog
C:\Users\Vatsal Vasoya\Desktop\vlc_controller\vlc_controller\Debug\link.14480.write.1.tlog
C:\Users\Vatsal Vasoya\Desktop\vlc_controller\vlc_controller\Debug\link.14480-cvtres.read.1.tlog
C:\Users\Vatsal Vasoya\Desktop\vlc_controller\vlc_controller\Debug\link.14480-cvtres.write.1.tlog
C:\Users\Vatsal Vasoya\Desktop\vlc_controller\vlc_controller\Debug\link.14500.read.1.tlog
C:\Users\Vatsal Vasoya\Desktop\vlc_controller\vlc_controller\Debug\link.14500.write.1.tlog
C:\Users\Vatsal Vasoya\Desktop\vlc_controller\vlc_controller\Debug\link.14500-cvtres.read.1.tlog
C:\Users\Vatsal Vasoya\Desktop\vlc_controller\vlc_controller\Debug\link.14500-cvtres.write.1.tlog
C:\Users\Vatsal Vasoya\Desktop\vlc_controller\vlc_controller\Debug\link.14680.read.1.tlog
C:\Users\Vatsal Vasoya\Desktop\vlc_controller\vlc_controller\Debug\link.14680.write.1.tlog
C:\Users\Vatsal Vasoya\Desktop\vlc_controller\vlc_controller\Debug\link.14680-cvtres.read.1.tlog
C:\Users\Vatsal Vasoya\Desktop\vlc_controller\vlc_controller\Debug\link.14680-cvtres.write.1.tlog
C:\Users\Vatsal Vasoya\Desktop\vlc_controller\vlc_controller\Debug\link.14772.read.1.tlog
C:\Users\Vatsal Vasoya\Desktop\vlc_controller\vlc_controller\Debug\link.14772.write.1.tlog
C:\Users\Vatsal Vasoya\Desktop\vlc_controller\vlc_controller\Debug\link.14772-cvtres.read.1.tlog
C:\Users\Vatsal Vasoya\Desktop\vlc_controller\vlc_controller\Debug\link.14772-cvtres.write.1.tlog
C:\Users\Vatsal Vasoya\Desktop\vlc_controller\vlc_controller\Debug\link.14920.read.1.tlog
C:\Users\Vatsal Vasoya\Desktop\vlc_controller\vlc_controller\Debug\link.14920.write.1.tlog
C:\Users\Vatsal Vasoya\Desktop\vlc_controller\vlc_controller\Debug\link.14920-cvtres.read.1.tlog
C:\Users\Vatsal Vasoya\Desktop\vlc_controller\vlc_controller\Debug\link.14920-cvtres.write.1.tlog
C:\Users\Vatsal Vasoya\Desktop\vlc_controller\vlc_controller\Debug\link.14992.read.1.tlog
C:\Users\Vatsal Vasoya\Desktop\vlc_controller\vlc_controller\Debug\link.14992.write.1.tlog
C:\Users\Vatsal Vasoya\Desktop\vlc_controller\vlc_controller\Debug\link.14992-cvtres.read.1.tlog
C:\Users\Vatsal Vasoya\Desktop\vlc_controller\vlc_controller\Debug\link.14992-cvtres.write.1.tlog
C:\Users\Vatsal Vasoya\Desktop\vlc_controller\vlc_controller\Debug\link.15020.read.1.tlog
C:\Users\Vatsal Vasoya\Desktop\vlc_controller\vlc_controller\Debug\link.15020.write.1.tlog
C:\Users\Vatsal Vasoya\Desktop\vlc_controller\vlc_controller\Debug\link.15020-cvtres.read.1.tlog
C:\Users\Vatsal Vasoya\Desktop\vlc_controller\vlc_controller\Debug\link.15020-cvtres.write.1.tlog
C:\Users\Vatsal Vasoya\Desktop\vlc_controller\vlc_controller\Debug\link.15056.read.1.tlog
C:\Users\Vatsal Vasoya\Desktop\vlc_controller\vlc_controller\Debug\link.15056.write.1.tlog
C:\Users\Vatsal Vasoya\Desktop\vlc_controller\vlc_controller\Debug\link.15056-cvtres.read.1.tlog
C:\Users\Vatsal Vasoya\Desktop\vlc_controller\vlc_controller\Debug\link.15056-cvtres.write.1.tlog
C:\Users\Vatsal Vasoya\Desktop\vlc_controller\vlc_controller\Debug\link.15128.read.1.tlog
C:\Users\Vatsal Vasoya\Desktop\vlc_controller\vlc_controller\Debug\link.15128.write.1.tlog
C:\Users\Vatsal Vasoya\Desktop\vlc_controller\vlc_controller\Debug\link.15128-cvtres.read.1.tlog
C:\Users\Vatsal Vasoya\Desktop\vlc_controller\vlc_controller\Debug\link.15128-cvtres.write.1.tlog
C:\Users\Vatsal Vasoya\Desktop\vlc_controller\vlc_controller\Debug\link.16192.read.1.tlog
C:\Users\Vatsal Vasoya\Desktop\vlc_controller\vlc_controller\Debug\link.16192.write.1.tlog
C:\Users\Vatsal Vasoya\Desktop\vlc_controller\vlc_controller\Debug\link.16192-cvtres.read.1.tlog
C:\Users\Vatsal Vasoya\Desktop\vlc_controller\vlc_controller\Debug\link.16192-cvtres.write.1.tlog
C:\Users\Vatsal Vasoya\Desktop\vlc_controller\vlc_controller\Debug\link.16276.read.1.tlog
C:\Users\Vatsal Vasoya\Desktop\vlc_controller\vlc_controller\Debug\link.16276.write.1.tlog
C:\Users\Vatsal Vasoya\Desktop\vlc_controller\vlc_controller\Debug\link.16276-cvtres.read.1.tlog
C:\Users\Vatsal Vasoya\Desktop\vlc_controller\vlc_controller\Debug\link.16276-cvtres.write.1.tlog
C:\Users\Vatsal Vasoya\Desktop\vlc_controller\vlc_controller\Debug\link.16352.read.1.tlog
C:\Users\Vatsal Vasoya\Desktop\vlc_controller\vlc_controller\Debug\link.16352.write.1.tlog
C:\Users\Vatsal Vasoya\Desktop\vlc_controller\vlc_controller\Debug\link.16352-cvtres.read.1.tlog
C:\Users\Vatsal Vasoya\Desktop\vlc_controller\vlc_controller\Debug\link.16352-cvtres.write.1.tlog
C:\Users\Vatsal Vasoya\Desktop\vlc_controller\vlc_controller\Debug\link.16608.read.1.tlog
C:\Users\Vatsal Vasoya\Desktop\vlc_controller\vlc_controller\Debug\link.16608.write.1.tlog
C:\Users\Vatsal Vasoya\Desktop\vlc_controller\vlc_controller\Debug\link.16608-cvtres.read.1.tlog
C:\Users\Vatsal Vasoya\Desktop\vlc_controller\vlc_controller\Debug\link.16608-cvtres.write.1.tlog
C:\Users\Vatsal Vasoya\Desktop\vlc_controller\vlc_controller\Debug\link.17396.read.1.tlog
C:\Users\Vatsal Vasoya\Desktop\vlc_controller\vlc_controller\Debug\link.17396.write.1.tlog
C:\Users\Vatsal Vasoya\Desktop\vlc_controller\vlc_controller\Debug\link.17396-cvtres.read.1.tlog
C:\Users\Vatsal Vasoya\Desktop\vlc_controller\vlc_controller\Debug\link.17396-cvtres.write.1.tlog
C:\Users\Vatsal Vasoya\Desktop\vlc_controller\vlc_controller\Debug\link.17772.read.1.tlog
C:\Users\Vatsal Vasoya\Desktop\vlc_controller\vlc_controller\Debug\link.17772.write.1.tlog
C:\Users\Vatsal Vasoya\Desktop\vlc_controller\vlc_controller\Debug\link.17772-cvtres.read.1.tlog
C:\Users\Vatsal Vasoya\Desktop\vlc_controller\vlc_controller\Debug\link.17772-cvtres.write.1.tlog
C:\Users\Vatsal Vasoya\Desktop\vlc_controller\vlc_controller\Debug\link.18004.read.1.tlog
C:\Users\Vatsal Vasoya\Desktop\vlc_controller\vlc_controller\Debug\link.18004.write.1.tlog
C:\Users\Vatsal Vasoya\Desktop\vlc_controller\vlc_controller\Debug\link.18004-cvtres.read.1.tlog
C:\Users\Vatsal Vasoya\Desktop\vlc_controller\vlc_controller\Debug\link.18004-cvtres.write.1.tlog
C:\Users\Vatsal Vasoya\Desktop\vlc_controller\vlc_controller\Debug\link.1852.read.1.tlog
C:\Users\Vatsal Vasoya\Desktop\vlc_controller\vlc_controller\Debug\link.1852.write.1.tlog
C:\Users\Vatsal Vasoya\Desktop\vlc_controller\vlc_controller\Debug\link.1852-cvtres.read.1.tlog
C:\Users\Vatsal Vasoya\Desktop\vlc_controller\vlc_controller\Debug\link.1852-cvtres.write.1.tlog
C:\Users\Vatsal Vasoya\Desktop\vlc_controller\vlc_controller\Debug\link.18652.read.1.tlog
C:\Users\Vatsal Vasoya\Desktop\vlc_controller\vlc_controller\Debug\link.18652.write.1.tlog
C:\Users\Vatsal Vasoya\Desktop\vlc_controller\vlc_controller\Debug\link.18652-cvtres.read.1.tlog
C:\Users\Vatsal Vasoya\Desktop\vlc_controller\vlc_controller\Debug\link.18652-cvtres.write.1.tlog
C:\Users\Vatsal Vasoya\Desktop\vlc_controller\vlc_controller\Debug\link.19304.read.1.tlog
C:\Users\Vatsal Vasoya\Desktop\vlc_controller\vlc_controller\Debug\link.19304.write.1.tlog
C:\Users\Vatsal Vasoya\Desktop\vlc_controller\vlc_controller\Debug\link.19304-cvtres.read.1.tlog
C:\Users\Vatsal Vasoya\Desktop\vlc_controller\vlc_controller\Debug\link.19304-cvtres.write.1.tlog
C:\Users\Vatsal Vasoya\Desktop\vlc_controller\vlc_controller\Debug\link.19956.read.1.tlog
C:\Users\Vatsal Vasoya\Desktop\vlc_controller\vlc_controller\Debug\link.19956.write.1.tlog
C:\Users\Vatsal Vasoya\Desktop\vlc_controller\vlc_controller\Debug\link.19956-cvtres.read.1.tlog
C:\Users\Vatsal Vasoya\Desktop\vlc_controller\vlc_controller\Debug\link.19956-cvtres.write.1.tlog
C:\Users\Vatsal Vasoya\Desktop\vlc_controller\vlc_controller\Debug\link.20640.read.1.tlog
C:\Users\Vatsal Vasoya\Desktop\vlc_controller\vlc_controller\Debug\link.20640.write.1.tlog
C:\Users\Vatsal Vasoya\Desktop\vlc_controller\vlc_controller\Debug\link.20640-cvtres.read.1.tlog
C:\Users\Vatsal Vasoya\Desktop\vlc_controller\vlc_controller\Debug\link.20640-cvtres.write.1.tlog
C:\Users\Vatsal Vasoya\Desktop\vlc_controller\vlc_controller\Debug\link.21524.read.1.tlog
C:\Users\Vatsal Vasoya\Desktop\vlc_controller\vlc_controller\Debug\link.21524.write.1.tlog
C:\Users\Vatsal Vasoya\Desktop\vlc_controller\vlc_controller\Debug\link.21524-cvtres.read.1.tlog
C:\Users\Vatsal Vasoya\Desktop\vlc_controller\vlc_controller\Debug\link.21524-cvtres.write.1.tlog
C:\Users\Vatsal Vasoya\Desktop\vlc_controller\vlc_controller\Debug\link.24340.read.1.tlog
C:\Users\Vatsal Vasoya\Desktop\vlc_controller\vlc_controller\Debug\link.24340.write.1.tlog
C:\Users\Vatsal Vasoya\Desktop\vlc_controller\vlc_controller\Debug\link.24340-cvtres.read.1.tlog
C:\Users\Vatsal Vasoya\Desktop\vlc_controller\vlc_controller\Debug\link.24340-cvtres.write.1.tlog
C:\Users\Vatsal Vasoya\Desktop\vlc_controller\vlc_controller\Debug\link.24720.read.1.tlog
C:\Users\Vatsal Vasoya\Desktop\vlc_controller\vlc_controller\Debug\link.24720.write.1.tlog
C:\Users\Vatsal Vasoya\Desktop\vlc_controller\vlc_controller\Debug\link.24720-cvtres.read.1.tlog
C:\Users\Vatsal Vasoya\Desktop\vlc_controller\vlc_controller\Debug\link.24720-cvtres.write.1.tlog
C:\Users\Vatsal Vasoya\Desktop\vlc_controller\vlc_controller\Debug\link.25596.read.1.tlog
C:\Users\Vatsal Vasoya\Desktop\vlc_controller\vlc_controller\Debug\link.25596.write.1.tlog
C:\Users\Vatsal Vasoya\Desktop\vlc_controller\vlc_controller\Debug\link.25596-cvtres.read.1.tlog
C:\Users\Vatsal Vasoya\Desktop\vlc_controller\vlc_controller\Debug\link.25596-cvtres.write.1.tlog
C:\Users\Vatsal Vasoya\Desktop\vlc_controller\vlc_controller\Debug\link.26384.read.1.tlog
C:\Users\Vatsal Vasoya\Desktop\vlc_controller\vlc_controller\Debug\link.26384.write.1.tlog
C:\Users\Vatsal Vasoya\Desktop\vlc_controller\vlc_controller\Debug\link.26384-cvtres.read.1.tlog
C:\Users\Vatsal Vasoya\Desktop\vlc_controller\vlc_controller\Debug\link.26384-cvtres.write.1.tlog
C:\Users\Vatsal Vasoya\Desktop\vlc_controller\vlc_controller\Debug\link.26692.read.1.tlog
C:\Users\Vatsal Vasoya\Desktop\vlc_controller\vlc_controller\Debug\link.26692.write.1.tlog
C:\Users\Vatsal Vasoya\Desktop\vlc_controller\vlc_controller\Debug\link.26692-cvtres.read.1.tlog
C:\Users\Vatsal Vasoya\Desktop\vlc_controller\vlc_controller\Debug\link.26692-cvtres.write.1.tlog
C:\Users\Vatsal Vasoya\Desktop\vlc_controller\vlc_controller\Debug\link.2748.read.1.tlog
C:\Users\Vatsal Vasoya\Desktop\vlc_controller\vlc_controller\Debug\link.2748.write.1.tlog
C:\Users\Vatsal Vasoya\Desktop\vlc_controller\vlc_controller\Debug\link.2748-cvtres.read.1.tlog
C:\Users\Vatsal Vasoya\Desktop\vlc_controller\vlc_controller\Debug\link.2748-cvtres.write.1.tlog
C:\Users\Vatsal Vasoya\Desktop\vlc_controller\vlc_controller\Debug\link.28472.read.1.tlog
C:\Users\Vatsal Vasoya\Desktop\vlc_controller\vlc_controller\Debug\link.28472.write.1.tlog
C:\Users\Vatsal Vasoya\Desktop\vlc_controller\vlc_controller\Debug\link.28472-cvtres.read.1.tlog
C:\Users\Vatsal Vasoya\Desktop\vlc_controller\vlc_controller\Debug\link.28472-cvtres.write.1.tlog
C:\Users\Vatsal Vasoya\Desktop\vlc_controller\vlc_controller\Debug\link.28540.read.1.tlog
C:\Users\Vatsal Vasoya\Desktop\vlc_controller\vlc_controller\Debug\link.28540.write.1.tlog
C:\Users\Vatsal Vasoya\Desktop\vlc_controller\vlc_controller\Debug\link.28540-cvtres.read.1.tlog
C:\Users\Vatsal Vasoya\Desktop\vlc_controller\vlc_controller\Debug\link.28540-cvtres.write.1.tlog
C:\Users\Vatsal Vasoya\Desktop\vlc_controller\vlc_controller\Debug\link.2864.read.1.tlog
C:\Users\Vatsal Vasoya\Desktop\vlc_controller\vlc_controller\Debug\link.2864.write.1.tlog
C:\Users\Vatsal Vasoya\Desktop\vlc_controller\vlc_controller\Debug\link.2864-cvtres.read.1.tlog
C:\Users\Vatsal Vasoya\Desktop\vlc_controller\vlc_controller\Debug\link.2864-cvtres.write.1.tlog
C:\Users\Vatsal Vasoya\Desktop\vlc_controller\vlc_controller\Debug\link.30452.read.1.tlog
C:\Users\Vatsal Vasoya\Desktop\vlc_controller\vlc_controller\Debug\link.30452.write.1.tlog
C:\Users\Vatsal Vasoya\Desktop\vlc_controller\vlc_controller\Debug\link.30452-cvtres.read.1.tlog
C:\Users\Vatsal Vasoya\Desktop\vlc_controller\vlc_controller\Debug\link.30452-cvtres.write.1.tlog
C:\Users\Vatsal Vasoya\Desktop\vlc_controller\vlc_controller\Debug\link.3168.read.1.tlog
C:\Users\Vatsal Vasoya\Desktop\vlc_controller\vlc_controller\Debug\link.3168.write.1.tlog
C:\Users\Vatsal Vasoya\Desktop\vlc_controller\vlc_controller\Debug\link.3168-cvtres.read.1.tlog
C:\Users\Vatsal Vasoya\Desktop\vlc_controller\vlc_controller\Debug\link.3168-cvtres.write.1.tlog
C:\Users\Vatsal Vasoya\Desktop\vlc_controller\vlc_controller\Debug\link.3208.read.1.tlog
C:\Users\Vatsal Vasoya\Desktop\vlc_controller\vlc_controller\Debug\link.3208.write.1.tlog
C:\Users\Vatsal Vasoya\Desktop\vlc_controller\vlc_controller\Debug\link.3208-cvtres.read.1.tlog
C:\Users\Vatsal Vasoya\Desktop\vlc_controller\vlc_controller\Debug\link.3208-cvtres.write.1.tlog
C:\Users\Vatsal Vasoya\Desktop\vlc_controller\vlc_controller\Debug\link.32780.read.1.tlog
C:\Users\Vatsal Vasoya\Desktop\vlc_controller\vlc_controller\Debug\link.32780.write.1.tlog
C:\Users\Vatsal Vasoya\Desktop\vlc_controller\vlc_controller\Debug\link.32780-cvtres.read.1.tlog
C:\Users\Vatsal Vasoya\Desktop\vlc_controller\vlc_controller\Debug\link.32780-cvtres.write.1.tlog
C:\Users\Vatsal Vasoya\Desktop\vlc_controller\vlc_controller\Debug\link.33428.read.1.tlog
C:\Users\Vatsal Vasoya\Desktop\vlc_controller\vlc_controller\Debug\link.33428.write.1.tlog
C:\Users\Vatsal Vasoya\Desktop\vlc_controller\vlc_controller\Debug\link.33428-cvtres.read.1.tlog
C:\Users\Vatsal Vasoya\Desktop\vlc_controller\vlc_controller\Debug\link.33428-cvtres.write.1.tlog
C:\Users\Vatsal Vasoya\Desktop\vlc_controller\vlc_controller\Debug\link.33460.read.1.tlog
C:\Users\Vatsal Vasoya\Desktop\vlc_controller\vlc_controller\Debug\link.33460.write.1.tlog
C:\Users\Vatsal Vasoya\Desktop\vlc_controller\vlc_controller\Debug\link.33460-cvtres.read.1.tlog
C:\Users\Vatsal Vasoya\Desktop\vlc_controller\vlc_controller\Debug\link.33460-cvtres.write.1.tlog
C:\Users\Vatsal Vasoya\Desktop\vlc_controller\vlc_controller\Debug\link.34928.read.1.tlog
C:\Users\Vatsal Vasoya\Desktop\vlc_controller\vlc_controller\Debug\link.34928.write.1.tlog
C:\Users\Vatsal Vasoya\Desktop\vlc_controller\vlc_controller\Debug\link.34928-cvtres.read.1.tlog
C:\Users\Vatsal Vasoya\Desktop\vlc_controller\vlc_controller\Debug\link.34928-cvtres.write.1.tlog
C:\Users\Vatsal Vasoya\Desktop\vlc_controller\vlc_controller\Debug\link.35836.read.1.tlog
C:\Users\Vatsal Vasoya\Desktop\vlc_controller\vlc_controller\Debug\link.35836.write.1.tlog
C:\Users\Vatsal Vasoya\Desktop\vlc_controller\vlc_controller\Debug\link.35836-cvtres.read.1.tlog
C:\Users\Vatsal Vasoya\Desktop\vlc_controller\vlc_controller\Debug\link.35836-cvtres.write.1.tlog
C:\Users\Vatsal Vasoya\Desktop\vlc_controller\vlc_controller\Debug\link.36408.read.1.tlog
C:\Users\Vatsal Vasoya\Desktop\vlc_controller\vlc_controller\Debug\link.36408.write.1.tlog
C:\Users\Vatsal Vasoya\Desktop\vlc_controller\vlc_controller\Debug\link.36408-cvtres.read.1.tlog
C:\Users\Vatsal Vasoya\Desktop\vlc_controller\vlc_controller\Debug\link.36408-cvtres.write.1.tlog
C:\Users\Vatsal Vasoya\Desktop\vlc_controller\vlc_controller\Debug\link.3664.read.1.tlog
C:\Users\Vatsal Vasoya\Desktop\vlc_controller\vlc_controller\Debug\link.3664.write.1.tlog
C:\Users\Vatsal Vasoya\Desktop\vlc_controller\vlc_controller\Debug\link.3664-cvtres.read.1.tlog
C:\Users\Vatsal Vasoya\Desktop\vlc_controller\vlc_controller\Debug\link.3664-cvtres.write.1.tlog
C:\Users\Vatsal Vasoya\Desktop\vlc_controller\vlc_controller\Debug\link.4028.read.1.tlog
C:\Users\Vatsal Vasoya\Desktop\vlc_controller\vlc_controller\Debug\link.4028.write.1.tlog
C:\Users\Vatsal Vasoya\Desktop\vlc_controller\vlc_controller\Debug\link.4028-cvtres.read.1.tlog
C:\Users\Vatsal Vasoya\Desktop\vlc_controller\vlc_controller\Debug\link.4028-cvtres.write.1.tlog
C:\Users\Vatsal Vasoya\Desktop\vlc_controller\vlc_controller\Debug\link.4116.read.1.tlog
C:\Users\Vatsal Vasoya\Desktop\vlc_controller\vlc_controller\Debug\link.4116.write.1.tlog
C:\Users\Vatsal Vasoya\Desktop\vlc_controller\vlc_controller\Debug\link.4116-cvtres.read.1.tlog
C:\Users\Vatsal Vasoya\Desktop\vlc_controller\vlc_controller\Debug\link.4116-cvtres.write.1.tlog
C:\Users\Vatsal Vasoya\Desktop\vlc_controller\vlc_controller\Debug\link.4436.read.1.tlog
C:\Users\Vatsal Vasoya\Desktop\vlc_controller\vlc_controller\Debug\link.4436.write.1.tlog
C:\Users\Vatsal Vasoya\Desktop\vlc_controller\vlc_controller\Debug\link.4436-cvtres.read.1.tlog
C:\Users\Vatsal Vasoya\Desktop\vlc_controller\vlc_controller\Debug\link.4436-cvtres.write.1.tlog
C:\Users\Vatsal Vasoya\Desktop\vlc_controller\vlc_controller\Debug\link.4488.read.1.tlog
C:\Users\Vatsal Vasoya\Desktop\vlc_controller\vlc_controller\Debug\link.4488.write.1.tlog
C:\Users\Vatsal Vasoya\Desktop\vlc_controller\vlc_controller\Debug\link.4488-cvtres.read.1.tlog
C:\Users\Vatsal Vasoya\Desktop\vlc_controller\vlc_controller\Debug\link.4488-cvtres.write.1.tlog
C:\Users\Vatsal Vasoya\Desktop\vlc_controller\vlc_controller\Debug\link.4492.read.1.tlog
C:\Users\Vatsal Vasoya\Desktop\vlc_controller\vlc_controller\Debug\link.4492.write.1.tlog
C:\Users\Vatsal Vasoya\Desktop\vlc_controller\vlc_controller\Debug\link.4492-cvtres.read.1.tlog
C:\Users\Vatsal Vasoya\Desktop\vlc_controller\vlc_controller\Debug\link.4492-cvtres.write.1.tlog
C:\Users\Vatsal Vasoya\Desktop\vlc_controller\vlc_controller\Debug\link.4788.read.1.tlog
C:\Users\Vatsal Vasoya\Desktop\vlc_controller\vlc_controller\Debug\link.4788.write.1.tlog
C:\Users\Vatsal Vasoya\Desktop\vlc_controller\vlc_controller\Debug\link.4788-cvtres.read.1.tlog
C:\Users\Vatsal Vasoya\Desktop\vlc_controller\vlc_controller\Debug\link.4788-cvtres.write.1.tlog
C:\Users\Vatsal Vasoya\Desktop\vlc_controller\vlc_controller\Debug\link.5100.read.1.tlog
C:\Users\Vatsal Vasoya\Desktop\vlc_controller\vlc_controller\Debug\link.5100.write.1.tlog
C:\Users\Vatsal Vasoya\Desktop\vlc_controller\vlc_controller\Debug\link.5100-cvtres.read.1.tlog
C:\Users\Vatsal Vasoya\Desktop\vlc_controller\vlc_controller\Debug\link.5100-cvtres.write.1.tlog
C:\Users\Vatsal Vasoya\Desktop\vlc_controller\vlc_controller\Debug\link.5372.read.1.tlog
C:\Users\Vatsal Vasoya\Desktop\vlc_controller\vlc_controller\Debug\link.5372.write.1.tlog
C:\Users\Vatsal Vasoya\Desktop\vlc_controller\vlc_controller\Debug\link.5372-cvtres.read.1.tlog
C:\Users\Vatsal Vasoya\Desktop\vlc_controller\vlc_controller\Debug\link.5372-cvtres.write.1.tlog
C:\Users\Vatsal Vasoya\Desktop\vlc_controller\vlc_controller\Debug\link.5492.read.1.tlog
C:\Users\Vatsal Vasoya\Desktop\vlc_controller\vlc_controller\Debug\link.5492.write.1.tlog
C:\Users\Vatsal Vasoya\Desktop\vlc_controller\vlc_controller\Debug\link.5492-cvtres.read.1.tlog
C:\Users\Vatsal Vasoya\Desktop\vlc_controller\vlc_controller\Debug\link.5492-cvtres.write.1.tlog
C:\Users\Vatsal Vasoya\Desktop\vlc_controller\vlc_controller\Debug\link.5736.read.1.tlog
C:\Users\Vatsal Vasoya\Desktop\vlc_controller\vlc_controller\Debug\link.5736.write.1.tlog
C:\Users\Vatsal Vasoya\Desktop\vlc_controller\vlc_controller\Debug\link.5736-cvtres.read.1.tlog
C:\Users\Vatsal Vasoya\Desktop\vlc_controller\vlc_controller\Debug\link.5736-cvtres.write.1.tlog
C:\Users\Vatsal Vasoya\Desktop\vlc_controller\vlc_controller\Debug\link.596.read.1.tlog
C:\Users\Vatsal Vasoya\Desktop\vlc_controller\vlc_controller\Debug\link.596.write.1.tlog
C:\Users\Vatsal Vasoya\Desktop\vlc_controller\vlc_controller\Debug\link.596-cvtres.read.1.tlog
C:\Users\Vatsal Vasoya\Desktop\vlc_controller\vlc_controller\Debug\link.596-cvtres.write.1.tlog
C:\Users\Vatsal Vasoya\Desktop\vlc_controller\vlc_controller\Debug\link.604.read.1.tlog
C:\Users\Vatsal Vasoya\Desktop\vlc_controller\vlc_controller\Debug\link.604.write.1.tlog
C:\Users\Vatsal Vasoya\Desktop\vlc_controller\vlc_controller\Debug\link.604-cvtres.read.1.tlog
C:\Users\Vatsal Vasoya\Desktop\vlc_controller\vlc_controller\Debug\link.604-cvtres.write.1.tlog
C:\Users\Vatsal Vasoya\Desktop\vlc_controller\vlc_controller\Debug\link.6100.read.1.tlog
C:\Users\Vatsal Vasoya\Desktop\vlc_controller\vlc_controller\Debug\link.6100.write.1.tlog
C:\Users\Vatsal Vasoya\Desktop\vlc_controller\vlc_controller\Debug\link.6100-cvtres.read.1.tlog
C:\Users\Vatsal Vasoya\Desktop\vlc_controller\vlc_controller\Debug\link.6100-cvtres.write.1.tlog
C:\Users\Vatsal Vasoya\Desktop\vlc_controller\vlc_controller\Debug\link.620.read.1.tlog
C:\Users\Vatsal Vasoya\Desktop\vlc_controller\vlc_controller\Debug\link.620.write.1.tlog
C:\Users\Vatsal Vasoya\Desktop\vlc_controller\vlc_controller\Debug\link.6208.read.1.tlog
C:\Users\Vatsal Vasoya\Desktop\vlc_controller\vlc_controller\Debug\link.6208.write.1.tlog
C:\Users\Vatsal Vasoya\Desktop\vlc_controller\vlc_controller\Debug\link.6208-cvtres.read.1.tlog
C:\Users\Vatsal Vasoya\Desktop\vlc_controller\vlc_controller\Debug\link.6208-cvtres.write.1.tlog
C:\Users\Vatsal Vasoya\Desktop\vlc_controller\vlc_controller\Debug\link.620-cvtres.read.1.tlog
C:\Users\Vatsal Vasoya\Desktop\vlc_controller\vlc_controller\Debug\link.620-cvtres.write.1.tlog
C:\Users\Vatsal Vasoya\Desktop\vlc_controller\vlc_controller\Debug\link.6828.read.1.tlog
C:\Users\Vatsal Vasoya\Desktop\vlc_controller\vlc_controller\Debug\link.6828.write.1.tlog
C:\Users\Vatsal Vasoya\Desktop\vlc_controller\vlc_controller\Debug\link.6828-cvtres.read.1.tlog
C:\Users\Vatsal Vasoya\Desktop\vlc_controller\vlc_controller\Debug\link.6828-cvtres.write.1.tlog
C:\Users\Vatsal Vasoya\Desktop\vlc_controller\vlc_controller\Debug\link.7084.read.1.tlog
C:\Users\Vatsal Vasoya\Desktop\vlc_controller\vlc_controller\Debug\link.7084.write.1.tlog
C:\Users\Vatsal Vasoya\Desktop\vlc_controller\vlc_controller\Debug\link.7084-cvtres.read.1.tlog
C:\Users\Vatsal Vasoya\Desktop\vlc_controller\vlc_controller\Debug\link.7084-cvtres.write.1.tlog
C:\Users\Vatsal Vasoya\Desktop\vlc_controller\vlc_controller\Debug\link.7408.read.1.tlog
C:\Users\Vatsal Vasoya\Desktop\vlc_controller\vlc_controller\Debug\link.7408.write.1.tlog
C:\Users\Vatsal Vasoya\Desktop\vlc_controller\vlc_controller\Debug\link.7408-cvtres.read.1.tlog
C:\Users\Vatsal Vasoya\Desktop\vlc_controller\vlc_controller\Debug\link.7408-cvtres.write.1.tlog
C:\Users\Vatsal Vasoya\Desktop\vlc_controller\vlc_controller\Debug\link.7556.read.1.tlog
C:\Users\Vatsal Vasoya\Desktop\vlc_controller\vlc_controller\Debug\link.7556.write.1.tlog
C:\Users\Vatsal Vasoya\Desktop\vlc_controller\vlc_controller\Debug\link.7556-cvtres.read.1.tlog
C:\Users\Vatsal Vasoya\Desktop\vlc_controller\vlc_controller\Debug\link.7556-cvtres.write.1.tlog
C:\Users\Vatsal Vasoya\Desktop\vlc_controller\vlc_controller\Debug\link.7580.read.1.tlog
C:\Users\Vatsal Vasoya\Desktop\vlc_controller\vlc_controller\Debug\link.7580.write.1.tlog
C:\Users\Vatsal Vasoya\Desktop\vlc_controller\vlc_controller\Debug\link.7580-cvtres.read.1.tlog
C:\Users\Vatsal Vasoya\Desktop\vlc_controller\vlc_controller\Debug\link.7580-cvtres.write.1.tlog
C:\Users\Vatsal Vasoya\Desktop\vlc_controller\vlc_controller\Debug\link.8012.read.1.tlog
C:\Users\Vatsal Vasoya\Desktop\vlc_controller\vlc_controller\Debug\link.8012.write.1.tlog
C:\Users\Vatsal Vasoya\Desktop\vlc_controller\vlc_controller\Debug\link.8012-cvtres.read.1.tlog
C:\Users\Vatsal Vasoya\Desktop\vlc_controller\vlc_controller\Debug\link.8012-cvtres.write.1.tlog
C:\Users\Vatsal Vasoya\Desktop\vlc_controller\vlc_controller\Debug\link.8064.read.1.tlog
C:\Users\Vatsal Vasoya\Desktop\vlc_controller\vlc_controller\Debug\link.8064.write.1.tlog
C:\Users\Vatsal Vasoya\Desktop\vlc_controller\vlc_controller\Debug\link.8064-cvtres.read.1.tlog
C:\Users\Vatsal Vasoya\Desktop\vlc_controller\vlc_controller\Debug\link.8064-cvtres.write.1.tlog
C:\Users\Vatsal Vasoya\Desktop\vlc_controller\vlc_controller\Debug\link.8352.read.1.tlog
C:\Users\Vatsal Vasoya\Desktop\vlc_controller\vlc_controller\Debug\link.8352.write.1.tlog
C:\Users\Vatsal Vasoya\Desktop\vlc_controller\vlc_controller\Debug\link.8352-cvtres.read.1.tlog
C:\Users\Vatsal Vasoya\Desktop\vlc_controller\vlc_controller\Debug\link.8352-cvtres.write.1.tlog
C:\Users\Vatsal Vasoya\Desktop\vlc_controller\vlc_controller\Debug\link.8656.read.1.tlog
C:\Users\Vatsal Vasoya\Desktop\vlc_controller\vlc_controller\Debug\link.8656.write.1.tlog
C:\Users\Vatsal Vasoya\Desktop\vlc_controller\vlc_controller\Debug\link.8656-cvtres.read.1.tlog
C:\Users\Vatsal Vasoya\Desktop\vlc_controller\vlc_controller\Debug\link.8656-cvtres.write.1.tlog
C:\Users\Vatsal Vasoya\Desktop\vlc_controller\vlc_controller\Debug\link.8696.read.1.tlog
C:\Users\Vatsal Vasoya\Desktop\vlc_controller\vlc_controller\Debug\link.8696.write.1.tlog
C:\Users\Vatsal Vasoya\Desktop\vlc_controller\vlc_controller\Debug\link.8696-cvtres.read.1.tlog
C:\Users\Vatsal Vasoya\Desktop\vlc_controller\vlc_controller\Debug\link.8696-cvtres.write.1.tlog
C:\Users\Vatsal Vasoya\Desktop\vlc_controller\vlc_controller\Debug\link.8776.read.1.tlog
C:\Users\Vatsal Vasoya\Desktop\vlc_controller\vlc_controller\Debug\link.8776.write.1.tlog
C:\Users\Vatsal Vasoya\Desktop\vlc_controller\vlc_controller\Debug\link.8776-cvtres.read.1.tlog
C:\Users\Vatsal Vasoya\Desktop\vlc_controller\vlc_controller\Debug\link.8776-cvtres.write.1.tlog
C:\Users\Vatsal Vasoya\Desktop\vlc_controller\vlc_controller\Debug\link.9336.read.1.tlog
C:\Users\Vatsal Vasoya\Desktop\vlc_controller\vlc_controller\Debug\link.9336.write.1.tlog
C:\Users\Vatsal Vasoya\Desktop\vlc_controller\vlc_controller\Debug\link.9336-cvtres.read.1.tlog
C:\Users\Vatsal Vasoya\Desktop\vlc_controller\vlc_controller\Debug\link.9336-cvtres.write.1.tlog
C:\Users\Vatsal Vasoya\Desktop\vlc_controller\vlc_controller\Debug\link.9612.read.1.tlog
C:\Users\Vatsal Vasoya\Desktop\vlc_controller\vlc_controller\Debug\link.9612.write.1.tlog
C:\Users\Vatsal Vasoya\Desktop\vlc_controller\vlc_controller\Debug\link.9612-cvtres.read.1.tlog
C:\Users\Vatsal Vasoya\Desktop\vlc_controller\vlc_controller\Debug\link.9612-cvtres.write.1.tlog
C:\Users\Vatsal Vasoya\Desktop\vlc_controller\vlc_controller\Debug\link.9784.read.1.tlog
C:\Users\Vatsal Vasoya\Desktop\vlc_controller\vlc_controller\Debug\link.9784.write.1.tlog
C:\Users\Vatsal Vasoya\Desktop\vlc_controller\vlc_controller\Debug\link.9784-cvtres.read.1.tlog
C:\Users\Vatsal Vasoya\Desktop\vlc_controller\vlc_controller\Debug\link.9784-cvtres.write.1.tlog
C:\Users\Vatsal Vasoya\Desktop\vlc_controller\vlc_controller\Debug\link.9896.read.1.tlog
C:\Users\Vatsal Vasoya\Desktop\vlc_controller\vlc_controller\Debug\link.9896.write.1.tlog
C:\Users\Vatsal Vasoya\Desktop\vlc_controller\vlc_controller\Debug\link.9896-cvtres.read.1.tlog
C:\Users\Vatsal Vasoya\Desktop\vlc_controller\vlc_controller\Debug\link.9896-cvtres.write.1.tlog
C:\Users\Vatsal Vasoya\Desktop\vlc_controller\vlc_controller\Debug\link.9964.read.1.tlog
C:\Users\Vatsal Vasoya\Desktop\vlc_controller\vlc_controller\Debug\link.9964.write.1.tlog
C:\Users\Vatsal Vasoya\Desktop\vlc_controller\vlc_controller\Debug\link.9964-cvtres.read.1.tlog
C:\Users\Vatsal Vasoya\Desktop\vlc_controller\vlc_controller\Debug\link.9964-cvtres.write.1.tlog
C:\Users\Vatsal Vasoya\Desktop\vlc_controller\vlc_controller\Debug\link.command.1.tlog
C:\Users\Vatsal Vasoya\Desktop\vlc_controller\vlc_controller\Debug\link.read.1.tlog
C:\Users\Vatsal Vasoya\Desktop\vlc_controller\vlc_controller\Debug\link.write.1.tlog
C:\Users\Vatsal Vasoya\Desktop\vlc_controller\vlc_controller\Debug\mt.command.1.tlog
C:\Users\Vatsal Vasoya\Desktop\vlc_controller\vlc_controller\Debug\mt.read.1.tlog
C:\Users\Vatsal Vasoya\Desktop\vlc_controller\vlc_controller\Debug\mt.write.1.tlog
C:\Users\Vatsal Vasoya\Desktop\vlc_controller\vlc_controller\Debug\rc.command.1.tlog
C:\Users\Vatsal Vasoya\Desktop\vlc_controller\vlc_controller\Debug\rc.read.1.tlog
C:\Users\Vatsal Vasoya\Desktop\vlc_controller\vlc_controller\Debug\rc.write.1.tlog
C:\USERS\VATSAL VASOYA\DESKTOP\VLC_CONTROLLER\VLC_CONTROLLER\DEBUG\STDAFX.OBJ
C:\USERS\VATSAL VASOYA\DESKTOP\VLC_CONTROLLER\VLC_CONTROLLER\DEBUG\TRAINING_FORM.OBJ
C:\USERS\VATSAL VASOYA\DESKTOP\VLC_CONTROLLER\VLC_CONTROLLER\DEBUG\VC100.PDB
C:\USERS\VATSAL VASOYA\DESKTOP\VLC_CONTROLLER\VLC_CONTROLLER\DEBUG\VLC_CONTROLLER.EXE.INTERMEDIATE.MANIFEST
C:\Users\Vatsal Vasoya\Desktop\vlc_controller\vlc_controller\Debug\vlc_controller.Form1.resources
C:\Users\Vatsal Vasoya\Desktop\vlc_controller\vlc_controller\Debug\vlc_controller.help.resources
C:\USERS\VATSAL VASOYA\DESKTOP\VLC_CONTROLLER\VLC_CONTROLLER\DEBUG\VLC_CONTROLLER.OBJ
C:\USERS\VATSAL VASOYA\DESKTOP\VLC_CONTROLLER\VLC_CONTROLLER\DEBUG\VLC_CONTROLLER.PCH
C:\Users\Vatsal Vasoya\Desktop\vlc_controller\vlc_controller\Debug\vlc_controller.Training_Form.resources
C:\Users\Vatsal Vasoya\Desktop\vlc_controller\vlc_controller\Debug\vlc_controller.vcxproj.GenerateResource.Cache
C:\Users\Vatsal Vasoya\Desktop\vlc_controller\vlc_controller\Debug\vlc_controller.vcxprojResolveAssemblyReference.cache
C:\Users\Vatsal Vasoya\Desktop\vlc_controller\vlc_controller\Debug\vlc_controller.write.1.tlog
D:\SPEECH PROCESSING\PROJECT\FINAL\VLC-CONTROLLER\VLC_CONTROLLER\DEBUG\VLC_CONTROLLER.EXE
D:\SPEECH PROCESSING\PROJECT\FINAL\VLC-CONTROLLER\VLC_CONTROLLER\DEBUG\VLC_CONTROLLER.ILK
D:\SPEECH PROCESSING\PROJECT\FINAL\VLC-CONTROLLER\VLC_CONTROLLER\DEBUG\VLC_CONTROLLER.PDB
D:\SPEECH PROCESSING\PROJECT\FINAL\VLC-CONTROLLER\VLC_CONTROLLER\VLC_CONTROLLER\DEBUG\.NETFRAMEWORK,VERSION=V4.0.ASSEMBLYATTRIBUTES.OBJ
D:\SPEECH PROCESSING\PROJECT\FINAL\VLC-CONTROLLER\VLC_CONTROLLER\VLC_CONTROLLER\DEBUG\APP.RES
D:\SPEECH PROCESSING\PROJECT\FINAL\VLC-CONTROLLER\VLC_CONTROLLER\VLC_CONTROLLER\DEBUG\ASSEMBLYINFO.OBJ
D:\SPEECH PROCESSING\PROJECT\FINAL\VLC-CONTROLLER\VLC_CONTROLLER\VLC_CONTROLLER\DEBUG\HELP.OBJ
D:\SPEECH PROCESSING\PROJECT\FINAL\VLC-CONTROLLER\VLC_CONTROLLER\VLC_CONTROLLER\DEBUG\STDAFX.OBJ
D:\SPEECH PROCESSING\PROJECT\FINAL\VLC-CONTROLLER\VLC_CONTROLLER\VLC_CONTROLLER\DEBUG\TRAINING_FORM.OBJ
D:\SPEECH PROCESSING\PROJECT\FINAL\VLC-CONTROLLER\VLC_CONTROLLER\VLC_CONTROLLER\DEBUG\VC100.PDB
D:\SPEECH PROCESSING\PROJECT\FINAL\VLC-CONTROLLER\VLC_CONTROLLER\VLC_CONTROLLER\DEBUG\VLC_CONTROLLER.EXE.INTERMEDIATE.MANIFEST
D:\SPEECH PROCESSING\PROJECT\FINAL\VLC-CONTROLLER\VLC_CONTROLLER\VLC_CONTROLLER\DEBUG\VLC_CONTROLLER.OBJ
D:\SPEECH PROCESSING\PROJECT\FINAL\VLC-CONTROLLER\VLC_CONTROLLER\VLC_CONTROLLER\DEBUG\VLC_CONTROLLER.PCH
